<?xml version="1.0" encoding="UTF-8"?>
<!-- Generated by org.testng.reporters.JUnitReportReporter -->
<testsuite hostname="Srinivasans-MacBook-Pro.local" name="com.bigbasket.framework.lab.JavaScriptExecutor" tests="1" failures="0" timestamp="6 Jul 2016 18:26:39 GMT" time="37.595" errors="0">
  <testcase name="javaScriptExecutor" time="37.595" classname="com.bigbasket.framework.lab.JavaScriptExecutor"/>
</testsuite> <!-- com.bigbasket.framework.lab.JavaScriptExecutor -->
