<?xml version="1.0" encoding="UTF-8"?>
<!-- Generated by org.testng.reporters.JUnitReportReporter -->
<testsuite hostname="Srinivasans-MacBook-Pro.local" name="com.bigbakset.customer.myaccount.ChangePasswordTest" tests="4" failures="0" timestamp="29 Jun 2016 11:10:29 GMT" time="244.126" errors="0">
  <testcase name="changePasswordTest" time="70.153" classname="com.bigbakset.customer.myaccount.ChangePasswordTest"/>
  <testcase name="changePasswordTest" time="83.181" classname="com.bigbakset.customer.myaccount.ChangePasswordTest"/>
  <testcase name="changePasswordTest" time="46.105" classname="com.bigbakset.customer.myaccount.ChangePasswordTest"/>
  <testcase name="changePasswordTest" time="44.687" classname="com.bigbakset.customer.myaccount.ChangePasswordTest"/>
</testsuite> <!-- com.bigbakset.customer.myaccount.ChangePasswordTest -->
