<?xml version="1.0" encoding="UTF-8"?>
<!-- Generated by org.testng.reporters.JUnitReportReporter -->
<testsuite hostname="Srinivasans-MacBook-Pro.local" name="com.bigbasket.customer.SignUpTest" tests="5" failures="0" timestamp="29 Jun 2016 11:10:29 GMT" time="101.850" errors="0">
  <testcase name="signUpTest" time="13.067" classname="com.bigbasket.customer.SignUpTest"/>
  <testcase name="signUpTest" time="25.454" classname="com.bigbasket.customer.SignUpTest"/>
  <testcase name="signUpTest" time="12.865" classname="com.bigbasket.customer.SignUpTest"/>
  <testcase name="signUpTest" time="18.141" classname="com.bigbasket.customer.SignUpTest"/>
  <testcase name="signUpTest" time="32.323" classname="com.bigbasket.customer.SignUpTest"/>
</testsuite> <!-- com.bigbasket.customer.SignUpTest -->
