<?xml version="1.0" encoding="UTF-8"?>
<!-- Generated by org.testng.reporters.JUnitReportReporter -->
<testsuite hostname="Srinivasans-MacBook-Pro.local" name="com.bigbasket.customer.ForgotPasswordTest" tests="3" failures="0" timestamp="30 Jun 2016 14:58:47 GMT" time="47.563" errors="0">
  <testcase name="forgotPasswordTest" time="8.697" classname="com.bigbasket.customer.ForgotPasswordTest"/>
  <testcase name="forgotPasswordTest" time="7.976" classname="com.bigbasket.customer.ForgotPasswordTest"/>
  <testcase name="forgotPasswordTest" time="30.890" classname="com.bigbasket.customer.ForgotPasswordTest"/>
</testsuite> <!-- com.bigbasket.customer.ForgotPasswordTest -->
