<?xml version="1.0" encoding="UTF-8"?>
<!-- Generated by org.testng.reporters.JUnitReportReporter -->
<testsuite hostname="Srinivasans-MacBook-Pro.local" name="com.bigbasket.customer.SignUpTest" tests="5" failures="0" timestamp="30 Jun 2016 14:58:47 GMT" time="86.472" errors="0">
  <testcase name="signUpTest" time="12.994" classname="com.bigbasket.customer.SignUpTest"/>
  <testcase name="signUpTest" time="10.388" classname="com.bigbasket.customer.SignUpTest"/>
  <testcase name="signUpTest" time="16.578" classname="com.bigbasket.customer.SignUpTest"/>
  <testcase name="signUpTest" time="20.105" classname="com.bigbasket.customer.SignUpTest"/>
  <testcase name="signUpTest" time="26.407" classname="com.bigbasket.customer.SignUpTest"/>
</testsuite> <!-- com.bigbasket.customer.SignUpTest -->
