<?xml version="1.0" encoding="UTF-8"?>
<!-- Generated by org.testng.reporters.JUnitReportReporter -->
<testsuite hostname="Srinivasans-MacBook-Pro.local" name="com.bigbasket.customer.ForgotPasswordTest" tests="3" failures="0" timestamp="29 Jun 2016 12:11:52 GMT" time="57.357" errors="0">
  <testcase name="forgotPasswordTest" time="36.174" classname="com.bigbasket.customer.ForgotPasswordTest"/>
  <testcase name="forgotPasswordTest" time="10.650" classname="com.bigbasket.customer.ForgotPasswordTest"/>
  <testcase name="forgotPasswordTest" time="10.533" classname="com.bigbasket.customer.ForgotPasswordTest"/>
</testsuite> <!-- com.bigbasket.customer.ForgotPasswordTest -->
