<?xml version="1.0" encoding="UTF-8"?>
<!-- Generated by org.testng.reporters.JUnitReportReporter -->
<testsuite hostname="Srinivasans-MacBook-Pro.local" name="com.bigbasket.products.SearchAndFilterProductsTest" tests="10" failures="0" timestamp="29 Jun 2016 12:11:52 GMT" time="62.465" errors="7">
  <testcase name="searchProductAndFilterByDiscountTest" time="0.097" classname="com.bigbasket.products.SearchAndFilterProductsTest">
    <error type="org.testng.SkipException" message="Skipping the test SearchProductAndFilterByDiscountTest as the Runmode of Test Case is found to be NO.">
      <![CDATA[org.testng.SkipException: Skipping the test SearchProductAndFilterByDiscountTest as the Runmode of Test Case is found to be NO.
	at com.bigbasket.framework.util.Utility.checkRunModes(Utility.java:121)
	at com.bigbasket.products.SearchAndFilterProductsTest.searchProductAndFilterByDiscountTest(SearchAndFilterProductsTest.java:105)
	at sun.reflect.NativeMethodAccessorImpl.invoke0(Native Method)
	at sun.reflect.NativeMethodAccessorImpl.invoke(NativeMethodAccessorImpl.java:57)
	at sun.reflect.DelegatingMethodAccessorImpl.invoke(DelegatingMethodAccessorImpl.java:43)
	at java.lang.reflect.Method.invoke(Method.java:606)
	at org.testng.internal.MethodInvocationHelper.invokeMethod(MethodInvocationHelper.java:86)
	at org.testng.internal.Invoker.invokeMethod(Invoker.java:643)
	at org.testng.internal.Invoker.invokeTestMethod(Invoker.java:820)
	at org.testng.internal.Invoker.invokeTestMethods(Invoker.java:1128)
	at org.testng.internal.TestMethodWorker.invokeTestMethods(TestMethodWorker.java:129)
	at org.testng.internal.TestMethodWorker.run(TestMethodWorker.java:112)
	at java.util.concurrent.ThreadPoolExecutor.runWorker(ThreadPoolExecutor.java:1145)
	at java.util.concurrent.ThreadPoolExecutor$Worker.run(ThreadPoolExecutor.java:615)
	at java.lang.Thread.run(Thread.java:745)
]]>
    </error>
  </testcase> <!-- searchProductAndFilterByDiscountTest -->
  <testcase name="searchProductAndFilterByDiscountTest" time="0.096" classname="com.bigbasket.products.SearchAndFilterProductsTest">
    <error type="org.testng.SkipException" message="Skipping the test SearchProductAndFilterByDiscountTest as the Runmode of Test Case is found to be NO.">
      <![CDATA[org.testng.SkipException: Skipping the test SearchProductAndFilterByDiscountTest as the Runmode of Test Case is found to be NO.
	at com.bigbasket.framework.util.Utility.checkRunModes(Utility.java:121)
	at com.bigbasket.products.SearchAndFilterProductsTest.searchProductAndFilterByDiscountTest(SearchAndFilterProductsTest.java:105)
	at sun.reflect.NativeMethodAccessorImpl.invoke0(Native Method)
	at sun.reflect.NativeMethodAccessorImpl.invoke(NativeMethodAccessorImpl.java:57)
	at sun.reflect.DelegatingMethodAccessorImpl.invoke(DelegatingMethodAccessorImpl.java:43)
	at java.lang.reflect.Method.invoke(Method.java:606)
	at org.testng.internal.MethodInvocationHelper.invokeMethod(MethodInvocationHelper.java:86)
	at org.testng.internal.Invoker.invokeMethod(Invoker.java:643)
	at org.testng.internal.Invoker.invokeTestMethod(Invoker.java:820)
	at org.testng.internal.Invoker.invokeTestMethods(Invoker.java:1128)
	at org.testng.internal.TestMethodWorker.invokeTestMethods(TestMethodWorker.java:129)
	at org.testng.internal.TestMethodWorker.run(TestMethodWorker.java:112)
	at java.util.concurrent.ThreadPoolExecutor.runWorker(ThreadPoolExecutor.java:1145)
	at java.util.concurrent.ThreadPoolExecutor$Worker.run(ThreadPoolExecutor.java:615)
	at java.lang.Thread.run(Thread.java:745)
]]>
    </error>
  </testcase> <!-- searchProductAndFilterByDiscountTest -->
  <testcase name="searchProductAndFilterByPriceTest" time="15.302" classname="com.bigbasket.products.SearchAndFilterProductsTest"/>
  <testcase name="searchProductAndFilterByDiscountTest" time="0.103" classname="com.bigbasket.products.SearchAndFilterProductsTest">
    <error type="org.testng.SkipException" message="Skipping the test SearchProductAndFilterByDiscountTest as the Runmode of Test Case is found to be NO.">
      <![CDATA[org.testng.SkipException: Skipping the test SearchProductAndFilterByDiscountTest as the Runmode of Test Case is found to be NO.
	at com.bigbasket.framework.util.Utility.checkRunModes(Utility.java:121)
	at com.bigbasket.products.SearchAndFilterProductsTest.searchProductAndFilterByDiscountTest(SearchAndFilterProductsTest.java:105)
	at sun.reflect.NativeMethodAccessorImpl.invoke0(Native Method)
	at sun.reflect.NativeMethodAccessorImpl.invoke(NativeMethodAccessorImpl.java:57)
	at sun.reflect.DelegatingMethodAccessorImpl.invoke(DelegatingMethodAccessorImpl.java:43)
	at java.lang.reflect.Method.invoke(Method.java:606)
	at org.testng.internal.MethodInvocationHelper.invokeMethod(MethodInvocationHelper.java:86)
	at org.testng.internal.Invoker.invokeMethod(Invoker.java:643)
	at org.testng.internal.Invoker.invokeTestMethod(Invoker.java:820)
	at org.testng.internal.Invoker.invokeTestMethods(Invoker.java:1128)
	at org.testng.internal.TestMethodWorker.invokeTestMethods(TestMethodWorker.java:129)
	at org.testng.internal.TestMethodWorker.run(TestMethodWorker.java:112)
	at java.util.concurrent.ThreadPoolExecutor.runWorker(ThreadPoolExecutor.java:1145)
	at java.util.concurrent.ThreadPoolExecutor$Worker.run(ThreadPoolExecutor.java:615)
	at java.lang.Thread.run(Thread.java:745)
]]>
    </error>
  </testcase> <!-- searchProductAndFilterByDiscountTest -->
  <testcase name="searchProductAndFilterByPriceTest" time="31.617" classname="com.bigbasket.products.SearchAndFilterProductsTest"/>
  <testcase name="SearchProductAndFilterByBrandTest" time="0.198" classname="com.bigbasket.products.SearchAndFilterProductsTest">
    <error type="org.testng.SkipException" message="Skipping the test SearchProductAndFilterByBrandTest as the Runmode of Test Case is found to be NO.">
      <![CDATA[org.testng.SkipException: Skipping the test SearchProductAndFilterByBrandTest as the Runmode of Test Case is found to be NO.
	at com.bigbasket.framework.util.Utility.checkRunModes(Utility.java:121)
	at com.bigbasket.products.SearchAndFilterProductsTest.SearchProductAndFilterByBrandTest(SearchAndFilterProductsTest.java:175)
	at sun.reflect.NativeMethodAccessorImpl.invoke0(Native Method)
	at sun.reflect.NativeMethodAccessorImpl.invoke(NativeMethodAccessorImpl.java:57)
	at sun.reflect.DelegatingMethodAccessorImpl.invoke(DelegatingMethodAccessorImpl.java:43)
	at java.lang.reflect.Method.invoke(Method.java:606)
	at org.testng.internal.MethodInvocationHelper.invokeMethod(MethodInvocationHelper.java:86)
	at org.testng.internal.Invoker.invokeMethod(Invoker.java:643)
	at org.testng.internal.Invoker.invokeTestMethod(Invoker.java:820)
	at org.testng.internal.Invoker.invokeTestMethods(Invoker.java:1128)
	at org.testng.internal.TestMethodWorker.invokeTestMethods(TestMethodWorker.java:129)
	at org.testng.internal.TestMethodWorker.run(TestMethodWorker.java:112)
	at java.util.concurrent.ThreadPoolExecutor.runWorker(ThreadPoolExecutor.java:1145)
	at java.util.concurrent.ThreadPoolExecutor$Worker.run(ThreadPoolExecutor.java:615)
	at java.lang.Thread.run(Thread.java:745)
]]>
    </error>
  </testcase> <!-- SearchProductAndFilterByBrandTest -->
  <testcase name="searchProductAndFilterByDiscountTest" time="0.092" classname="com.bigbasket.products.SearchAndFilterProductsTest">
    <error type="org.testng.SkipException" message="Skipping the test SearchProductAndFilterByDiscountTest as the Runmode of Test Case is found to be NO.">
      <![CDATA[org.testng.SkipException: Skipping the test SearchProductAndFilterByDiscountTest as the Runmode of Test Case is found to be NO.
	at com.bigbasket.framework.util.Utility.checkRunModes(Utility.java:121)
	at com.bigbasket.products.SearchAndFilterProductsTest.searchProductAndFilterByDiscountTest(SearchAndFilterProductsTest.java:105)
	at sun.reflect.NativeMethodAccessorImpl.invoke0(Native Method)
	at sun.reflect.NativeMethodAccessorImpl.invoke(NativeMethodAccessorImpl.java:57)
	at sun.reflect.DelegatingMethodAccessorImpl.invoke(DelegatingMethodAccessorImpl.java:43)
	at java.lang.reflect.Method.invoke(Method.java:606)
	at org.testng.internal.MethodInvocationHelper.invokeMethod(MethodInvocationHelper.java:86)
	at org.testng.internal.Invoker.invokeMethod(Invoker.java:643)
	at org.testng.internal.Invoker.invokeTestMethod(Invoker.java:820)
	at org.testng.internal.Invoker.invokeTestMethods(Invoker.java:1128)
	at org.testng.internal.TestMethodWorker.invokeTestMethods(TestMethodWorker.java:129)
	at org.testng.internal.TestMethodWorker.run(TestMethodWorker.java:112)
	at java.util.concurrent.ThreadPoolExecutor.runWorker(ThreadPoolExecutor.java:1145)
	at java.util.concurrent.ThreadPoolExecutor$Worker.run(ThreadPoolExecutor.java:615)
	at java.lang.Thread.run(Thread.java:745)
]]>
    </error>
  </testcase> <!-- searchProductAndFilterByDiscountTest -->
  <testcase name="searchProductAndFilterByDiscountTest" time="0.097" classname="com.bigbasket.products.SearchAndFilterProductsTest">
    <error type="org.testng.SkipException" message="Skipping the test SearchProductAndFilterByDiscountTest as the Runmode of Test Case is found to be NO.">
      <![CDATA[org.testng.SkipException: Skipping the test SearchProductAndFilterByDiscountTest as the Runmode of Test Case is found to be NO.
	at com.bigbasket.framework.util.Utility.checkRunModes(Utility.java:121)
	at com.bigbasket.products.SearchAndFilterProductsTest.searchProductAndFilterByDiscountTest(SearchAndFilterProductsTest.java:105)
	at sun.reflect.NativeMethodAccessorImpl.invoke0(Native Method)
	at sun.reflect.NativeMethodAccessorImpl.invoke(NativeMethodAccessorImpl.java:57)
	at sun.reflect.DelegatingMethodAccessorImpl.invoke(DelegatingMethodAccessorImpl.java:43)
	at java.lang.reflect.Method.invoke(Method.java:606)
	at org.testng.internal.MethodInvocationHelper.invokeMethod(MethodInvocationHelper.java:86)
	at org.testng.internal.Invoker.invokeMethod(Invoker.java:643)
	at org.testng.internal.Invoker.invokeTestMethod(Invoker.java:820)
	at org.testng.internal.Invoker.invokeTestMethods(Invoker.java:1128)
	at org.testng.internal.TestMethodWorker.invokeTestMethods(TestMethodWorker.java:129)
	at org.testng.internal.TestMethodWorker.run(TestMethodWorker.java:112)
	at java.util.concurrent.ThreadPoolExecutor.runWorker(ThreadPoolExecutor.java:1145)
	at java.util.concurrent.ThreadPoolExecutor$Worker.run(ThreadPoolExecutor.java:615)
	at java.lang.Thread.run(Thread.java:745)
]]>
    </error>
  </testcase> <!-- searchProductAndFilterByDiscountTest -->
  <testcase name="searchProductAndFilterByPriceTest" time="14.624" classname="com.bigbasket.products.SearchAndFilterProductsTest"/>
  <testcase name="SearchProductAndFilterByBrandTest" time="0.239" classname="com.bigbasket.products.SearchAndFilterProductsTest">
    <error type="org.testng.SkipException" message="Skipping the test SearchProductAndFilterByBrandTest as the Runmode of Test Case is found to be NO.">
      <![CDATA[org.testng.SkipException: Skipping the test SearchProductAndFilterByBrandTest as the Runmode of Test Case is found to be NO.
	at com.bigbasket.framework.util.Utility.checkRunModes(Utility.java:121)
	at com.bigbasket.products.SearchAndFilterProductsTest.SearchProductAndFilterByBrandTest(SearchAndFilterProductsTest.java:175)
	at sun.reflect.NativeMethodAccessorImpl.invoke0(Native Method)
	at sun.reflect.NativeMethodAccessorImpl.invoke(NativeMethodAccessorImpl.java:57)
	at sun.reflect.DelegatingMethodAccessorImpl.invoke(DelegatingMethodAccessorImpl.java:43)
	at java.lang.reflect.Method.invoke(Method.java:606)
	at org.testng.internal.MethodInvocationHelper.invokeMethod(MethodInvocationHelper.java:86)
	at org.testng.internal.Invoker.invokeMethod(Invoker.java:643)
	at org.testng.internal.Invoker.invokeTestMethod(Invoker.java:820)
	at org.testng.internal.Invoker.invokeTestMethods(Invoker.java:1128)
	at org.testng.internal.TestMethodWorker.invokeTestMethods(TestMethodWorker.java:129)
	at org.testng.internal.TestMethodWorker.run(TestMethodWorker.java:112)
	at java.util.concurrent.ThreadPoolExecutor.runWorker(ThreadPoolExecutor.java:1145)
	at java.util.concurrent.ThreadPoolExecutor$Worker.run(ThreadPoolExecutor.java:615)
	at java.lang.Thread.run(Thread.java:745)
]]>
    </error>
  </testcase> <!-- SearchProductAndFilterByBrandTest -->
</testsuite> <!-- com.bigbasket.products.SearchAndFilterProductsTest -->
