<?xml version="1.0" encoding="UTF-8"?>
<!-- Generated by org.testng.reporters.JUnitReportReporter -->
<testsuite hostname="Srinivasans-MacBook-Pro.local" name="com.bigbakset.customer.myaccount.ChangePasswordTest" tests="4" failures="0" timestamp="29 Jun 2016 12:11:52 GMT" time="202.420" errors="0">
  <testcase name="changePasswordTest" time="97.107" classname="com.bigbakset.customer.myaccount.ChangePasswordTest"/>
  <testcase name="changePasswordTest" time="26.983" classname="com.bigbakset.customer.myaccount.ChangePasswordTest"/>
  <testcase name="changePasswordTest" time="28.401" classname="com.bigbakset.customer.myaccount.ChangePasswordTest"/>
  <testcase name="changePasswordTest" time="49.929" classname="com.bigbakset.customer.myaccount.ChangePasswordTest"/>
</testsuite> <!-- com.bigbakset.customer.myaccount.ChangePasswordTest -->
