<?xml version="1.0" encoding="UTF-8"?>
<!-- Generated by org.testng.reporters.JUnitReportReporter -->
<testsuite hostname="Srinivasans-MacBook-Pro.local" name="com.bigbakset.customer.myaccount.ChangePasswordTest" tests="4" failures="0" timestamp="30 Jun 2016 14:58:47 GMT" time="183.892" errors="0">
  <testcase name="changePasswordTest" time="56.935" classname="com.bigbakset.customer.myaccount.ChangePasswordTest"/>
  <testcase name="changePasswordTest" time="66.694" classname="com.bigbakset.customer.myaccount.ChangePasswordTest"/>
  <testcase name="changePasswordTest" time="33.321" classname="com.bigbakset.customer.myaccount.ChangePasswordTest"/>
  <testcase name="changePasswordTest" time="26.942" classname="com.bigbakset.customer.myaccount.ChangePasswordTest"/>
</testsuite> <!-- com.bigbakset.customer.myaccount.ChangePasswordTest -->
