<?xml version="1.0" encoding="UTF-8"?>
<!-- Generated by org.testng.reporters.JUnitReportReporter -->
<testsuite hostname="Srinivasans-MacBook-Pro.local" name="com.bigbasket.customer.ForgotPasswordTest" tests="3" failures="0" timestamp="29 Jun 2016 11:10:29 GMT" time="43.816" errors="0">
  <testcase name="forgotPasswordTest" time="9.115" classname="com.bigbasket.customer.ForgotPasswordTest"/>
  <testcase name="forgotPasswordTest" time="7.536" classname="com.bigbasket.customer.ForgotPasswordTest"/>
  <testcase name="forgotPasswordTest" time="27.165" classname="com.bigbasket.customer.ForgotPasswordTest"/>
</testsuite> <!-- com.bigbasket.customer.ForgotPasswordTest -->
