<?xml version="1.0" encoding="UTF-8"?>
<!-- Generated by org.testng.reporters.JUnitReportReporter -->
<testsuite hostname="Srinivasans-MacBook-Pro.local" name="com.bigbasket.customer.SignUpTest" tests="5" failures="0" timestamp="29 Jun 2016 12:11:52 GMT" time="85.699" errors="0">
  <testcase name="signUpTest" time="32.667" classname="com.bigbasket.customer.SignUpTest"/>
  <testcase name="signUpTest" time="11.756" classname="com.bigbasket.customer.SignUpTest"/>
  <testcase name="signUpTest" time="14.174" classname="com.bigbasket.customer.SignUpTest"/>
  <testcase name="signUpTest" time="13.738" classname="com.bigbasket.customer.SignUpTest"/>
  <testcase name="signUpTest" time="13.364" classname="com.bigbasket.customer.SignUpTest"/>
</testsuite> <!-- com.bigbasket.customer.SignUpTest -->
