<?xml version="1.0" encoding="UTF-8"?>
<!-- Generated by org.testng.reporters.JUnitReportReporter -->
<testsuite hostname="Srinivasans-MacBook-Pro.local" name="com.bigbasket.framework.lab.JavaScriptExecutor" tests="1" failures="0" timestamp="28 Jun 2016 11:56:19 GMT" time="0.179" errors="0">
  <testcase name="clickButton" time="0.179" classname="com.bigbasket.framework.lab.JavaScriptExecutor"/>
</testsuite> <!-- com.bigbasket.framework.lab.JavaScriptExecutor -->
